
[33mInstalling packages from pklist!
[0m
 there is nothing to do
[92mInstalling packages done! 

[92mClone trizen for install! 

[91mRemove older folder! 

[1m[32m==>[0m[1m Making package: trizen 1:1.68-1 (Tue 31 Oct 2023 08:12:35 PM EET)[0m
[1m[32m==>[0m[1m Checking runtime dependencies...[0m
[1m[32m==>[0m[1m Checking buildtime dependencies...[0m
[1m[32m==>[0m[1m Retrieving sources...[0m
[1m[34m  ->[0m[1m Downloading trizen-1.68.tar.gz...[0m
[1m[32m==>[0m[1m Validating source files with b2sums...[0m
[1m[32m==>[0m[1m Extracting sources...[0m
[1m[34m  ->[0m[1m Extracting trizen-1.68.tar.gz with bsdtar[0m
[1m[32m==>[0m[1m Entering fakeroot environment...[0m
[1m[32m==>[0m[1m Starting package()...[0m
[1m[32m==>[0m[1m Tidying install...[0m
[1m[34m  ->[0m[1m Removing libtool files...[0m
[1m[34m  ->[0m[1m Purging unwanted files...[0m
[1m[34m  ->[0m[1m Removing static library files...[0m
[1m[34m  ->[0m[1m Stripping unneeded symbols from binaries and libraries...[0m
[1m[34m  ->[0m[1m Compressing man and info pages...[0m
[1m[32m==>[0m[1m Checking for packaging issues...[0m
[1m[32m==>[0m[1m Creating package "trizen"...[0m
[1m[34m  ->[0m[1m Generating .PKGINFO file...[0m
[1m[34m  ->[0m[1m Generating .BUILDINFO file...[0m
[1m[34m  ->[0m[1m Generating .MTREE file...[0m
[1m[34m  ->[0m[1m Compressing package...[0m
[1m[32m==>[0m[1m Leaving fakeroot environment.[0m
[1m[32m==>[0m[1m Finished making: trizen 1:1.68-1 (Tue 31 Oct 2023 08:12:38 PM EET)[0m
[1m[32m==>[0m[1m Installing package trizen with pacman -U...[0m
loading packages...
resolving dependencies...
looking for conflicting packages...

Packages (1) trizen-1:1.68-1

Total Installed Size:  0.12 MiB
Net Upgrade Size:      0.00 MiB

:: Proceed with installation? [Y/n] 
checking keyring...
checking package integrity...
loading package files...
checking for file conflicts...
checking available disk space...
:: Processing package changes...
reinstalling trizen...
:: Running post-transaction hooks...
(1/1) Arming ConditionNeedsUpdate...
[92mTrizen done
Install from AUR
pulseaudio-nextsink --> From AUR is already installed. Skipping.
sublime-text-4 --> From AUR is already installed. Skipping.
brave-bin --> From AUR is already installed. Skipping.
[97mInstall from AUR done
[92mInstall User config
[92mInstall User config done!
[97mGit Clone oh-my-zsh and tool
Install oh-my-zsh setup done!
Script executed from: /home/dell/Github/extra
Script location: .

Papirus icon theme
https://github.com/PapirusDevelopmentTeam/papirus-icon-theme

=> Getting the latest version from GitHub ...
=> Unpacking archive ...
=> Deleting 'Papirus' ...
=> Deleting 'Papirus-Dark' ...
=> Installing 'Papirus' ...
=> Installing 'Papirus-Dark' ...
=> Clearing cache ...
=> Done!
[92mInstall numix-icons
[92mInstall numix-icons done!
Install cursor Bibata-Modern-Ice
[97mInstall cursor Bibata-Modern-Ice done!
dwm build options:
CFLAGS   = -std=c99 -pedantic -Wall -Wno-deprecated-declarations -Os -I/usr/X11R6/include -I/usr/include/freetype2 -D_DEFAULT_SOURCE -D_BSD_SOURCE -D_POSIX_C_SOURCE=200809L -DVERSION="6.4" -DXINERAMA
LDFLAGS  = -L/usr/X11R6/lib -lX11 -lXinerama -lfontconfig -lXft
CC       = cc
mkdir -p /usr/local/bin
cp -f dwm /usr/local/bin
chmod 755 /usr/local/bin/dwm
mkdir -p /usr/local/share/man/man1
sed "s/VERSION/6.4/g" < dwm.1 > /usr/local/share/man/man1/dwm.1
chmod 644 /usr/local/share/man/man1/dwm.1
[92mInstall dwm-6.4 done!
mkdir -p /usr/local/bin
cp -f dmenu dmenu_path dmenu_run stest /usr/local/bin
chmod 755 /usr/local/bin/dmenu
chmod 755 /usr/local/bin/dmenu_path
chmod 755 /usr/local/bin/dmenu_run
chmod 755 /usr/local/bin/stest
mkdir -p /usr/local/share/man/man1
sed "s/VERSION/5.2/g" < dmenu.1 > /usr/local/share/man/man1/dmenu.1
sed "s/VERSION/5.2/g" < stest.1 > /usr/local/share/man/man1/stest.1
chmod 644 /usr/local/share/man/man1/dmenu.1
chmod 644 /usr/local/share/man/man1/stest.1
Install dmenu done!
mkdir -p /usr/local/bin
cp -f st /usr/local/bin
chmod 755 /usr/local/bin/st
mkdir -p /usr/local/share/man/man1
sed "s/VERSION/0.9/g" < st.1 > /usr/local/share/man/man1/st.1
chmod 644 /usr/local/share/man/man1/st.1
tic -sx st.info
mkdir -p /usr/local/share/applications # desktop-entry patch
test -f /usr/local/share/applications/st.desktop || cp -n st.desktop /usr/local/share/applications # desktop-entry patch
Please see the README file regarding the terminfo entry of st.
Install st-0.9 done!
